<?xml version="1.0" encoding="UTF-8"?>
<!-- Generated by org.testng.reporters.JUnitReportReporter -->
<testsuite hostname="DESKTOP-TQ83US8" failures="0" tests="6" name="com.testvigrant.assessment.Validatingpushpatherise" time="75.430" errors="0" timestamp="2022-11-17T00:11:20 IST" skipped="0">
  <testcase classname="com.testvigrant.assessment.Validatingpushpatherise" name="launch" time="28.315"/>
  <system-out/>
  <testcase classname="com.testvigrant.assessment.Validatingpushpatherise" name="Navigate" time="32.459"/>
  <system-out/>
  <testcase classname="com.testvigrant.assessment.Validatingpushpatherise" name="Extractinimdb" time="1.703"/>
  <system-out/>
  <testcase classname="com.testvigrant.assessment.Validatingpushpatherise" name="launchagain" time="3.659"/>
  <system-out/>
  <testcase classname="com.testvigrant.assessment.Validatingpushpatherise" name="navagatetowiki" time="9.293"/>
  <system-out/>
  <testcase classname="com.testvigrant.assessment.Validatingpushpatherise" name="validation" time="0.001"/>
  <system-out/>
</testsuite> <!-- com.testvigrant.assessment.Validatingpushpatherise -->
